/home/lushun/anaconda3/envs/pt1.1/lib/python3.6/site-packages/torch/utils/cpp_extension.py:166: UserWarning: 

                               !! WARNING !!

!!!!!!!!!!!!!!!!!!!!!!!!!!!!!!!!!!!!!!!!!!!!!!!!!!!!!!!!!!!!!!!!!!!!!!!!!!!!!!!
Your compiler (c++) is not compatible with the compiler Pytorch was
built with for this platform, which is g++ on linux. Please
use g++ to to compile your extension. Alternatively, you may
compile PyTorch from source using c++, and then you can also use
c++ to compile your extension.

See https://github.com/pytorch/pytorch/blob/master/CONTRIBUTING.md for help
with compiling PyTorch from source.
!!!!!!!!!!!!!!!!!!!!!!!!!!!!!!!!!!!!!!!!!!!!!!!!!!!!!!!!!!!!!!!!!!!!!!!!!!!!!!!

                              !! WARNING !!

  platform=sys.platform))
architecture search results: [1 1 1 2 3 2 3 2 2 1 2 3]
new cell structure: [[ 1  3]
 [ 0  3]
 [ 3  3]
 [ 4  0]
 [ 5  5]
 [ 6  1]
 [10  3]
 [12  4]
 [19  4]
 [17  6]]
saved to : ./run/cityscapes/ad1_s/experiment_0
